Arguments: 
  /usr/local/bin/node /usr/local/Cellar/yarn/1.22.10/libexec/bin/yarn.js add --dev @tpes/node

PATH: 
  /Users/edz/.rvm/gems/ruby-2.6.6/bin:/Users/edz/.rvm/gems/ruby-2.6.6@global/bin:/Users/edz/.rvm/rubies/ruby-2.6.6/bin:/usr/local/sbin:/usr/local/bin:/usr/bin:/bin:/usr/sbin:/sbin:/Users/edz/.rvm/gems/ruby-2.6.6/bin:/Users/edz/.rvm/gems/ruby-2.6.6@global/bin:/Users/edz/.rvm/rubies/ruby-2.6.6/bin:/usr/local/sbin:/Users/edz/.rvm/bin:/Users/edz/.rvm/bin

Yarn version: 
  1.22.10

Node version: 
  14.17.6

Platform: 
  darwin x64

Trace: 
  Error: http://npm.edianzu.cn/@tpes%2fnode: no such package available
      at Request.params.callback [as _callback] (/usr/local/Cellar/yarn/1.22.10/libexec/lib/cli.js:66988:18)
      at Request.self.callback (/usr/local/Cellar/yarn/1.22.10/libexec/lib/cli.js:140749:22)
      at Request.emit (events.js:400:28)
      at Request.<anonymous> (/usr/local/Cellar/yarn/1.22.10/libexec/lib/cli.js:141721:10)
      at Request.emit (events.js:400:28)
      at IncomingMessage.<anonymous> (/usr/local/Cellar/yarn/1.22.10/libexec/lib/cli.js:141643:12)
      at Object.onceWrapper (events.js:519:28)
      at IncomingMessage.emit (events.js:412:35)
      at endReadableNT (internal/streams/readable.js:1317:12)
      at processTicksAndRejections (internal/process/task_queues.js:82:21)

npm manifest: 
  {
    "name": "node-sever-s",
    "version": "1.0.0",
    "main": "index.js",
    "license": "MIT"
  }

yarn manifest: 
  No manifest

Lockfile: 
  No lockfile
